f:\game project opengl\nengine\neroengine\debug\vc120.pdb
f:\game project opengl\nengine\neroengine\debug\vc120.idb
f:\game project opengl\nengine\neroengine\debug\camera2d.obj
f:\game project opengl\nengine\neroengine\debug\errors.obj
f:\game project opengl\nengine\neroengine\debug\glslprogram.obj
f:\game project opengl\nengine\neroengine\debug\imageloader.obj
f:\game project opengl\nengine\neroengine\debug\iomanager.obj
f:\game project opengl\nengine\neroengine\debug\neroengine.obj
f:\game project opengl\nengine\neroengine\debug\picopng.obj
f:\game project opengl\nengine\neroengine\debug\resourcemanager.obj
f:\game project opengl\nengine\neroengine\debug\sprite.obj
f:\game project opengl\nengine\neroengine\debug\texturecache.obj
f:\game project opengl\nengine\neroengine\debug\window.obj
f:\game project opengl\nengine\neroengine\debug\spritebatch.obj
f:\game project opengl\nengine\neroengine\debug\inputmanager.obj
f:\game project opengl\nengine\neroengine\debug\timing.obj
f:\game project opengl\nengine\neroengine\debug\audioengine.obj
f:\game project opengl\nengine\neroengine\debug\spritefont.obj
f:\game project opengl\nengine\debug\neroengine.lib
f:\game project opengl\nengine\neroengine\debug\neroengine.tlog\cl.command.1.tlog
f:\game project opengl\nengine\neroengine\debug\neroengine.tlog\cl.read.1.tlog
f:\game project opengl\nengine\neroengine\debug\neroengine.tlog\cl.write.1.tlog
f:\game project opengl\nengine\neroengine\debug\neroengine.tlog\lib-link.read.1.tlog
f:\game project opengl\nengine\neroengine\debug\neroengine.tlog\lib-link.write.1.tlog
f:\game project opengl\nengine\neroengine\debug\neroengine.tlog\lib.command.1.tlog
