f:\game project opengl\nengine\neroengine\release\vc120.pdb
f:\game project opengl\nengine\neroengine\release\window.obj
f:\game project opengl\nengine\neroengine\release\timing.obj
f:\game project opengl\nengine\neroengine\release\texturecache.obj
f:\game project opengl\nengine\neroengine\release\spritefont.obj
f:\game project opengl\nengine\neroengine\release\spritebatch.obj
f:\game project opengl\nengine\neroengine\release\sprite.obj
f:\game project opengl\nengine\neroengine\release\resourcemanager.obj
f:\game project opengl\nengine\neroengine\release\picopng.obj
f:\game project opengl\nengine\neroengine\release\neroengine.obj
f:\game project opengl\nengine\neroengine\release\iomanager.obj
f:\game project opengl\nengine\neroengine\release\inputmanager.obj
f:\game project opengl\nengine\neroengine\release\imageloader.obj
f:\game project opengl\nengine\neroengine\release\glslprogram.obj
f:\game project opengl\nengine\neroengine\release\errors.obj
f:\game project opengl\nengine\neroengine\release\camera2d.obj
f:\game project opengl\nengine\neroengine\release\audioengine.obj
f:\game project opengl\nengine\release\neroengine.lib
f:\game project opengl\nengine\neroengine\release\neroengine.tlog\cl.command.1.tlog
f:\game project opengl\nengine\neroengine\release\neroengine.tlog\cl.read.1.tlog
f:\game project opengl\nengine\neroengine\release\neroengine.tlog\cl.write.1.tlog
f:\game project opengl\nengine\neroengine\release\neroengine.tlog\lib-link.read.1.tlog
f:\game project opengl\nengine\neroengine\release\neroengine.tlog\lib-link.write.1.tlog
f:\game project opengl\nengine\neroengine\release\neroengine.tlog\lib.command.1.tlog
